14:23:50 **** Incremental Build of configuration Debug for project evkbimxrt1050_fsl_romapi ****
make -r -j16 all 
Building file: ../source/flexspi_romapi.c
Invoking: MCU C Compiler
arm-none-eabi-gcc -std=gnu99 -D__REDLIB__ -DCPU_MIMXRT1052DVL6B -DCPU_MIMXRT1052DVL6B_cm7 -DSDK_DEBUGCONSOLE=1 -DXIP_EXTERNAL_FLASH=1 -DXIP_BOOT_HEADER_ENABLE=1 -DUSB_STACK_BM -DPRINTF_ADVANCED_ENABLE=1 -DMCUXPRESSO_SDK -DCR_INTEGER_PRINTF -DPRINTF_FLOAT_ENABLE=0 -DXIP_BOOT_HEADER_DCD_ENABLE=1 -DSKIP_SYSCLK_INIT -DDATA_SECTION_IS_CACHEABLE=1 -D__MCUXPRESSO -D__USE_CMSIS -DDEBUG -I"D:\IMXRT1050EVKB_Bootloader\BD155_P_V1_0_0\McuXpresso\evkbimxrt1050_fsl_romapi\source" -I"D:\IMXRT1050EVKB_Bootloader\BD155_P_V1_0_0\McuXpresso\evkbimxrt1050_fsl_romapi\fatfs\source\fsl_ram_disk" -I"D:\IMXRT1050EVKB_Bootloader\BD155_P_V1_0_0\McuXpresso\evkbimxrt1050_fsl_romapi\usb\host" -I"D:\IMXRT1050EVKB_Bootloader\BD155_P_V1_0_0\McuXpresso\evkbimxrt1050_fsl_romapi\usb\include" -I"D:\IMXRT1050EVKB_Bootloader\BD155_P_V1_0_0\McuXpresso\evkbimxrt1050_fsl_romapi\usb\phy" -I"D:\IMXRT1050EVKB_Bootloader\BD155_P_V1_0_0\McuXpresso\evkbimxrt1050_fsl_romapi\drivers" -I"D:\IMXRT1050EVKB_Bootloader\BD155_P_V1_0_0\McuXpresso\evkbimxrt1050_fsl_romapi\utilities" -I"D:\IMXRT1050EVKB_Bootloader\BD155_P_V1_0_0\McuXpresso\evkbimxrt1050_fsl_romapi\usb\host\class" -I"D:\IMXRT1050EVKB_Bootloader\BD155_P_V1_0_0\McuXpresso\evkbimxrt1050_fsl_romapi\fatfs\source" -I"D:\IMXRT1050EVKB_Bootloader\BD155_P_V1_0_0\McuXpresso\evkbimxrt1050_fsl_romapi\fatfs\source\fsl_usb_disk" -I"D:\IMXRT1050EVKB_Bootloader\BD155_P_V1_0_0\McuXpresso\evkbimxrt1050_fsl_romapi\device" -I"D:\IMXRT1050EVKB_Bootloader\BD155_P_V1_0_0\McuXpresso\evkbimxrt1050_fsl_romapi\xip" -I"D:\IMXRT1050EVKB_Bootloader\BD155_P_V1_0_0\McuXpresso\evkbimxrt1050_fsl_romapi\component\uart" -I"D:\IMXRT1050EVKB_Bootloader\BD155_P_V1_0_0\McuXpresso\evkbimxrt1050_fsl_romapi\component\lists" -I"D:\IMXRT1050EVKB_Bootloader\BD155_P_V1_0_0\McuXpresso\evkbimxrt1050_fsl_romapi\component\osa" -I"D:\IMXRT1050EVKB_Bootloader\BD155_P_V1_0_0\McuXpresso\evkbimxrt1050_fsl_romapi\component\silicon_id" -I"D:\IMXRT1050EVKB_Bootloader\BD155_P_V1_0_0\McuXpresso\evkbimxrt1050_fsl_romapi\CMSIS" -I"D:\IMXRT1050EVKB_Bootloader\BD155_P_V1_0_0\McuXpresso\evkbimxrt1050_fsl_romapi\board" -I"D:\IMXRT1050EVKB_Bootloader\BD155_P_V1_0_0\McuXpresso\evkbimxrt1050_fsl_romapi\evkbimxrt1050\driver_examples\fsl_romapi" -O0 -fno-common -g3 -c -ffunction-sections -fdata-sections -ffreestanding -fno-builtin -fmerge-constants -fmacro-prefix-map="../source/"= -mcpu=cortex-m7 -mfpu=fpv5-d16 -mfloat-abi=hard -mthumb -D__REDLIB__ -fstack-usage -specs=redlib.specs -MMD -MP -MF"source/flexspi_romapi.d" -MT"source/flexspi_romapi.o" -MT"source/flexspi_romapi.d" -o "source/flexspi_romapi.o" "../source/flexspi_romapi.c"
../source/flexspi_romapi.c: In function 'main':
../source/flexspi_romapi.c:1297:5: warning: implicit declaration of function 'dummy' [-Wimplicit-function-declaration]
 1297 |     dummy();
      |     ^~~~~
../source/flexspi_romapi.c: At top level:
../source/flexspi_romapi.c:1300:6: warning: conflicting types for 'dummy'
 1300 | void dummy(void)
      |      ^~~~~
../source/flexspi_romapi.c:1297:5: note: previous implicit declaration of 'dummy' was here
 1297 |     dummy();
      |     ^~~~~
Finished building: ../source/flexspi_romapi.c
 
Building target: evkbimxrt1050_fsl_romapi.axf
Invoking: MCU Linker
arm-none-eabi-gcc -nostdlib -Xlinker -Map="evkbimxrt1050_fsl_romapi.map" -Xlinker --gc-sections -Xlinker -print-memory-usage -Xlinker --sort-section=alignment -Xlinker --cref -mcpu=cortex-m7 -mfpu=fpv5-d16 -mfloat-abi=hard -mthumb -T evkbimxrt1050_fsl_romapi_Debug.ld -o "evkbimxrt1050_fsl_romapi.axf" ./xip/evkbimxrt1050_flexspi_nor_config.o ./xip/fsl_flexspi_nor_boot.o  ./utilities/fsl_assert.o ./utilities/fsl_debug_console.o  ./usb/phy/usb_phy.o  ./usb/host/class/usb_host_hub.o ./usb/host/class/usb_host_hub_app.o ./usb/host/class/usb_host_msd.o ./usb/host/class/usb_host_msd_ufi.o  ./usb/host/usb_host_devices.o ./usb/host/usb_host_ehci.o ./usb/host/usb_host_framework.o ./usb/host/usb_host_hci.o  ./startup/startup_mimxrt1052.o  ./source/flexspi_romapi.o ./source/flexspi_romapi_ops.o ./source/host_msd_fatfs.o ./source/semihost_hardfault.o  ./fatfs/source/fsl_usb_disk/fsl_usb_disk_bm.o  ./fatfs/source/fsl_ram_disk/fsl_ram_disk.o  ./fatfs/source/diskio.o ./fatfs/source/ff.o ./fatfs/source/ffsystem.o ./fatfs/source/ffunicode.o  ./drivers/fsl_cache.o ./drivers/fsl_clock.o ./drivers/fsl_common.o ./drivers/fsl_common_arm.o ./drivers/fsl_gpio.o ./drivers/fsl_lpuart.o ./drivers/fsl_romapi.o  ./device/system_MIMXRT1052.o  ./component/uart/fsl_adapter_lpuart.o  ./component/silicon_id/fsl_silicon_id.o  ./component/osa/fsl_os_abstraction_bm.o  ./component/lists/fsl_component_generic_list.o  ./board/board.o ./board/clock_config.o ./board/dcd.o ./board/pin_mux.o   
Memory region         Used Size  Region Size  %age Used
     BOARD_FLASH:          0 GB        64 MB      0.00%
        SRAM_ITC:       90296 B       128 KB     68.89%
     BOARD_SDRAM:          0 GB        30 MB      0.00%
        SRAM_DTC:          0 GB       128 KB      0.00%
         SRAM_OC:          0 GB       256 KB      0.00%
   NCACHE_REGION:          0 GB         2 MB      0.00%
Finished building target: evkbimxrt1050_fsl_romapi.axf
 
Performing post-build steps
arm-none-eabi-size "evkbimxrt1050_fsl_romapi.axf"; # arm-none-eabi-objcopy -v -O binary "evkbimxrt1050_fsl_romapi.axf" "evkbimxrt1050_fsl_romapi.bin" ; # checksum -p MIMXRT1052xxxxB -d "evkbimxrt1050_fsl_romapi.bin";
   text	   data	    bss	    dec	    hex	filename
  64700	     20	  24760	  89480	  15d88	evkbimxrt1050_fsl_romapi.axf
 

14:23:53 Build Finished. 0 errors, 2 warnings. (took 2s.545ms)

