"Task Aware Debugger for GDB" version 11.6.1 (202207200623)
(c) 2016-2022 NXP Semiconductors, Inc.
==================================
18:43:23.947 INFO: [TadModel] DSF session ID 194 has started.
18:43:26.237 INFO: [TadModel] DSF session ID 195 has started.
18:43:27.534 INFO: [TadState] TAD state changed: DEBUG_STARTED -> DEBUG_INIT_0 (SUSPENDED, USER_REQUEST)
18:43:27.646 INFO: [TadState] TAD state changed: DEBUG_INIT_0 -> DEBUG_INIT_1 (SUSPENDED, USER_REQUEST)
18:43:28.943 INFO: [TadState] TAD state changed: DEBUG_INIT_1 -> DEBUG_SUSPENDED (RESUMED, USER_REQUEST)
18:43:28.971 INFO: [TadState] TAD state changed: DEBUG_SUSPENDED -> DEBUG_SUSPENDED (SUSPENDED, BREAKPOINT)
18:43:32.140 INFO: [TadState] TAD state changed: DEBUG_SUSPENDED -> DEBUG_RESUMED (RESUMED, USER_REQUEST)
18:43:32.184 INFO: [TadState] TAD state changed: DEBUG_RESUMED -> READY (SUSPENDED, BREAKPOINT)
18:43:37.792 INFO: [TadState] TAD state changed: READY -> DEBUG_RESUMED (RESUMED, USER_REQUEST)
18:43:42.471 INFO: [TadState] TAD state changed: DEBUG_RESUMED -> READY (SUSPENDED, BREAKPOINT)
18:43:44.496 INFO: [TadState] TAD state changed: READY -> DEBUG_RESUMED (RESUMED, STEP)
18:43:44.731 INFO: [TadState] TAD state changed: DEBUG_RESUMED -> READY (SUSPENDED, STEP)
18:43:44.887 INFO: [TadState] TAD state changed: READY -> DEBUG_RESUMED (RESUMED, STEP)
18:43:45.65 INFO: [TadState] TAD state changed: DEBUG_RESUMED -> READY (SUSPENDED, STEP)
18:43:45.230 INFO: [TadState] TAD state changed: READY -> DEBUG_RESUMED (RESUMED, STEP)
18:43:45.472 INFO: [TadState] TAD state changed: DEBUG_RESUMED -> READY (SUSPENDED, STEP)
18:43:45.528 INFO: [TadState] TAD state changed: READY -> DEBUG_RESUMED (RESUMED, STEP)
18:43:45.905 INFO: [TadState] TAD state changed: DEBUG_RESUMED -> READY (SUSPENDED, STEP)
18:43:45.934 INFO: [TadState] TAD state changed: READY -> DEBUG_RESUMED (RESUMED, STEP)
18:43:46.372 INFO: [TadState] TAD state changed: DEBUG_RESUMED -> READY (SUSPENDED, STEP)
18:43:46.409 INFO: [TadState] TAD state changed: READY -> DEBUG_RESUMED (RESUMED, STEP)
18:43:46.838 INFO: [TadState] TAD state changed: DEBUG_RESUMED -> READY (SUSPENDED, STEP)
18:43:46.923 INFO: [TadState] TAD state changed: READY -> DEBUG_RESUMED (RESUMED, STEP)
18:43:47.173 INFO: [TadState] TAD state changed: DEBUG_RESUMED -> READY (SUSPENDED, STEP)
18:43:48.79 INFO: [TadState] TAD state changed: READY -> DEBUG_RESUMED (RESUMED, STEP)
18:43:48.570 INFO: [TadState] TAD state changed: DEBUG_RESUMED -> READY (SUSPENDED, STEP)
18:43:53.914 INFO: [TadState] TAD state changed: READY -> DEBUG_RESUMED (RESUMED, USER_REQUEST)
18:43:54.04 INFO: [TadState] TAD state changed: DEBUG_RESUMED -> READY (SUSPENDED, BREAKPOINT)
18:43:55.739 INFO: [TadState] TAD state changed: READY -> DEBUG_RESUMED (RESUMED, STEP)
18:43:56.06 INFO: [TadState] TAD state changed: DEBUG_RESUMED -> READY (SUSPENDED, STEP)
18:44:01.103 INFO: [TadState] TAD state changed: READY -> DEBUG_RESUMED (RESUMED, USER_REQUEST)
18:44:01.193 INFO: [TadState] TAD state changed: DEBUG_RESUMED -> READY (SUSPENDED, BREAKPOINT)
18:44:02.176 INFO: [TadState] TAD state changed: READY -> DEBUG_RESUMED (RESUMED, STEP)
18:44:02.282 INFO: [TadState] TAD state changed: DEBUG_RESUMED -> READY (SUSPENDED, STEP)
18:44:03.94 INFO: [TadState] TAD state changed: READY -> DEBUG_RESUMED (RESUMED, STEP)
18:44:03.284 INFO: [TadState] TAD state changed: DEBUG_RESUMED -> READY (SUSPENDED, STEP)
18:44:03.717 INFO: [TadState] TAD state changed: READY -> DEBUG_RESUMED (RESUMED, STEP)
18:44:04.134 INFO: [TadState] TAD state changed: DEBUG_RESUMED -> READY (SUSPENDED, STEP)
18:44:04.605 INFO: [TadState] TAD state changed: READY -> DEBUG_RESUMED (RESUMED, STEP)
18:44:05.98 INFO: [TadState] TAD state changed: DEBUG_RESUMED -> READY (SUSPENDED, STEP)
18:44:05.537 INFO: [TadState] TAD state changed: READY -> DEBUG_RESUMED (RESUMED, STEP)
18:44:05.951 INFO: [TadState] TAD state changed: DEBUG_RESUMED -> READY (SUSPENDED, STEP)
18:44:06.394 INFO: [TadState] TAD state changed: READY -> DEBUG_RESUMED (RESUMED, STEP)
18:44:06.661 INFO: [TadState] TAD state changed: DEBUG_RESUMED -> READY (SUSPENDED, STEP)
18:44:07.295 INFO: [TadState] TAD state changed: READY -> DEBUG_RESUMED (RESUMED, STEP)
18:44:09.788 INFO: [TadState] TAD state changed: DEBUG_RESUMED -> READY (SUSPENDED, SIGNAL)
18:44:38.856 INFO: [TadModel] DSF session ID 195 has ended.
18:44:38.856 INFO: [TadModel] DSF session ID 194 has ended.
